Name                                                                                                                                            Stmts   Miss  Cover   Missing
-----------------------------------------------------------------------------------------------------------------------------------------------------------------------------
Lagerregal/__init__.py                                                                                                                              0      0   100%
Lagerregal/settings.py                                                                                                                             61      0   100%
Lagerregal/urls.py                                                                                                                                 34      0   100%
Lagerregal/utils.py                                                                                                                                48     31    35%   8, 20-23, 26-35, 38-39, 50-59, 67-78
api/__init__.py                                                                                                                                     0      0   100%
api/models.py                                                                                                                                       0      0   100%
api/serializers.py                                                                                                                                149     21    86%   128-139, 142-146, 149-152
api/tests.py                                                                                                                                        4      0   100%
api/views.py                                                                                                                                      267    136    49%   22, 37-47, 66-71, 79, 82-99, 103-126, 133-164, 169-208, 216, 219-225, 321, 330-333, 361-366
departments/__init__.py                                                                                                                             0      0   100%
departments/admin.py                                                                                                                                2      0   100%
departments/migrations/__init__.py                                                                                                                  0      0   100%
departments/models.py                                                                                                                               2      0   100%
departments/tests.py                                                                                                                                6      0   100%
departments/views.py                                                                                                                              115     61    47%   24-37, 42-57, 66-85, 96-104, 108-112, 123-131, 142-150, 161, 165-181, 184-193, 202, 206-213
devicegroups/__init__.py                                                                                                                            0      0   100%
devicegroups/migrations/0001_initial.py                                                                                                             5      0   100%
devicegroups/migrations/__init__.py                                                                                                                 0      0   100%
devicegroups/models.py                                                                                                                             19      0   100%
devicegroups/tests.py                                                                                                                              53      0   100%
devicegroups/views.py                                                                                                                              84     17    80%   24, 26, 35, 40-47, 50-51, 67, 89-91, 115
devices/__init__.py                                                                                                                                 0      0   100%
devices/admin.py                                                                                                                                    9      0   100%
devices/ajax.py                                                                                                                                   399    349    13%   34-43, 48-55, 60-85, 90-130, 135-147, 152-193, 199-212, 218-248, 253-266, 271-489, 495-512, 517-545
devices/context_processors.py                                                                                                                       3      0   100%
devices/forms.py                                                                                                                                  185     48    74%   69-70, 76-77, 84, 174-180, 183-187, 268, 272-277, 279, 295, 301, 304-320, 330-341
devices/management/__init__.py                                                                                                                      0      0   100%
devices/migrations/0001_initial.py                                                                                                                  6      0   100%
devices/migrations/0002_auto_20151105_0513.py                                                                                                       7      0   100%
devices/migrations/0003_auto_20151105_0851.py                                                                                                       8      0   100%
devices/migrations/0004_auto_20160429_1044.py                                                                                                       6      0   100%
devices/migrations/__init__.py                                                                                                                      0      0   100%
devices/models.py                                                                                                                                 183     23    87%   73, 149-155, 158-162, 170, 181, 194, 238-243, 270
devices/perms.py                                                                                                                                   43     21    51%   62-84
devices/templatetags/__init__.py                                                                                                                    0      0   100%
devices/templatetags/devicetags.py                                                                                                                 68     34    50%   15, 20, 26-31, 59-64, 68, 85-86, 91-92, 97, 101-121
devices/tests.py                                                                                                                                  181      0   100%
devices/views.py                                                                                                                                  742    381    49%   46-49, 61, 63, 65, 67, 69, 71, 73-74, 77, 79-80, 86, 91-95, 98, 102-110, 116-117, 119-120, 206-208, 211-212, 228, 233-244, 260-267, 287-294, 301-302, 319-328, 331-338, 347-349, 352-358, 372, 375-377, 381-382, 388-391, 409-442, 467-468, 472-473, 478, 482-483, 486-495, 497-501, 504-518, 532-537, 546-562, 565-603, 626-640, 643-675, 684-692, 695-697, 700-718, 733-734, 755-756, 763-771, 788-790, 793-827, 835-844, 896-901, 910-913, 916-923, 932, 936-941, 949, 953-958, 967-970, 973-981, 990, 994-1000, 1008, 1012-1017, 1026-1028, 1031-1053
devicetags/__init__.py                                                                                                                              0      0   100%
devicetags/admin.py                                                                                                                                 0      0   100%
devicetags/forms.py                                                                                                                                11      0   100%
devicetags/migrations/0001_initial.py                                                                                                               5      0   100%
devicetags/migrations/__init__.py                                                                                                                   0      0   100%
devicetags/models.py                                                                                                                               17      3    82%   14, 24, 27
devicetags/tests.py                                                                                                                                 0      0   100%
devicetags/views.py                                                                                                                                89     45    49%   20-32, 37-52, 63-71, 82-89, 100-107, 116-125, 128-132, 140-150, 154-159
devicetypes/__init__.py                                                                                                                             0      0   100%
devicetypes/ajax.py                                                                                                                                14      8    43%   13-27
devicetypes/forms.py                                                                                                                               16      7    56%   15-25
devicetypes/migrations/0001_initial.py                                                                                                              5      0   100%
devicetypes/migrations/__init__.py                                                                                                                  0      0   100%
devicetypes/models.py                                                                                                                              38      6    84%   11, 21, 24, 37, 40, 53
devicetypes/tests.py                                                                                                                                0      0   100%
devicetypes/views.py                                                                                                                              125     71    43%   23-35, 41-56, 66-85, 95-105, 108-118, 128-141, 151-159, 166-176, 179-196, 219-220, 224
history/__init__.py                                                                                                                                 0      0   100%
history/admin.py                                                                                                                                    0      0   100%
history/models.py                                                                                                                                   0      0   100%
history/tests.py                                                                                                                                   24      0   100%
history/views.py                                                                                                                                   98     46    53%   24-28, 36-40, 42-46, 48-52, 55-59, 90, 98, 113-134, 141-145, 149-157
locations/__init__.py                                                                                                                               0      0   100%
locations/admin.py                                                                                                                                  0      0   100%
locations/migrations/0001_initial.py                                                                                                                5      0   100%
locations/migrations/__init__.py                                                                                                                    0      0   100%
locations/models.py                                                                                                                                15      3    80%   10, 20, 23
locations/tests.py                                                                                                                                104      0   100%
locations/views.py                                                                                                                                253     95    62%   27-40, 46-61, 73-81, 92-116, 127-134, 144-151, 158-168, 172-183, 201, 219, 247-253, 311-319, 326-335, 339-350, 367, 386, 410-416, 475-483, 491-500, 504-515
mail/__init__.py                                                                                                                                    0      0   100%
mail/forms.py                                                                                                                                      13      2    85%   10-11
mail/migrations/0001_initial.py                                                                                                                     7      0   100%
mail/migrations/__init__.py                                                                                                                         0      0   100%
mail/models.py                                                                                                                                     62     25    60%   32, 42, 45, 48-98, 108, 121
mail/tests.py                                                                                                                                       4      0   100%
mail/views.py                                                                                                                                      92     53    42%   20, 24-31, 41-47, 56-60, 64-73, 76-87, 97-100, 104-113, 116-134, 145-150
main/__init__.py                                                                                                                                    0      0   100%
main/ajax.py                                                                                                                                       53     38    28%   15-32, 37-42, 47-54, 59-68
main/migrations/0001_initial.py                                                                                                                     6      0   100%
main/migrations/__init__.py                                                                                                                         0      0   100%
main/models.py                                                                                                                                     25      5    80%   23-28
main/tests.py                                                                                                                                       4      0   100%
main/views.py                                                                                                                                      98     77    21%   17-80, 87-123, 133-137
manage.py                                                                                                                                           6      0   100%
manufacturers/__init__.py                                                                                                                           0      0   100%
manufacturers/admin.py                                                                                                                              2      0   100%
manufacturers/migrations/__init__.py                                                                                                                0      0   100%
manufacturers/models.py                                                                                                                             4      0   100%
manufacturers/tests.py                                                                                                                             53      0   100%
manufacturers/views.py                                                                                                                             94     22    77%   28, 46, 74-80, 138-146, 153-162, 166-177
network/__init__.py                                                                                                                                 0      0   100%
network/forms.py                                                                                                                                   22      4    82%   23-26
network/migrations/0001_initial.py                                                                                                                  7      0   100%
network/migrations/__init__.py                                                                                                                      0      0   100%
network/models.py                                                                                                                                  22      1    95%   31
network/perms.py                                                                                                                                   30      9    70%   30-40
network/tests.py                                                                                                                                    0      0   100%
network/views.py                                                                                                                                  126     75    40%   23-50, 54-65, 73-85, 94-102, 105-107, 117-124, 127-129, 147-154, 158-164, 173-179, 182-189
public/__init__.py                                                                                                                                  0      0   100%
public/tests.py                                                                                                                                     2      0   100%
public/views.py                                                                                                                                    57     37    35%   21-42, 47-64, 72-83, 86-94
users/__init__.py                                                                                                                                   0      0   100%
users/admin.py                                                                                                                                      7      0   100%
users/forms.py                                                                                                                                     28      3    89%   21-23
users/middleware.py                                                                                                                                 7      1    86%   10
users/migrations/0001_initial.py                                                                                                                    9      0   100%
users/migrations/0002_lageruser_expiration_date.py                                                                                                  5      0   100%
users/migrations/0003_auto_20141125_0849.py                                                                                                         5      0   100%
users/migrations/0004_auto_20150129_0422.py                                                                                                         6      0   100%
users/migrations/0005_auto_20150526_0403.py                                                                                                         7      0   100%
users/migrations/0006_auto_20151105_0513.py                                                                                                         5      0   100%
users/migrations/0007_auto_20160429_1044.py                                                                                                         6      0   100%
users/migrations/0008_lageruser_theme.py                                                                                                            5      0   100%
users/migrations/0009_auto_20160429_1138.py                                                                                                         5      0   100%
users/migrations/0010_auto_20170818_0330.py                                                                                                         6      0   100%
users/migrations/__init__.py                                                                                                                        0      0   100%
users/models.py                                                                                                                                    81     34    58%   36, 48, 53, 57-59, 69-98, 105
users/perms.py                                                                                                                                     39     17    56%   64-82
users/tests.py                                                                                                                                      4      0   100%
users/views.py                                                                                                                                    161    112    30%   38-56, 60-71, 82-107, 115-143, 151-165, 168-235, 249-283
/home/local/MPIB-BERLIN/wentzel/VirEnv/lib/python2.7/site-packages/PIL/BmpImagePlugin.py                                                          133    110    17%   50, 68-187, 194-201, 213, 229-278
/home/local/MPIB-BERLIN/wentzel/VirEnv/lib/python2.7/site-packages/PIL/BufrStubImagePlugin.py                                                      28     15    46%   24, 31, 41-54, 57, 61-63
/home/local/MPIB-BERLIN/wentzel/VirEnv/lib/python2.7/site-packages/PIL/CurImagePlugin.py                                                           30     19    37%   31, 44-78
/home/local/MPIB-BERLIN/wentzel/VirEnv/lib/python2.7/site-packages/PIL/DcxImagePlugin.py                                                           38     21    45%   34, 49-62, 66, 70, 73-78, 81
/home/local/MPIB-BERLIN/wentzel/VirEnv/lib/python2.7/site-packages/PIL/DdsImagePlugin.py                                                          108     42    61%   108-159, 164, 168
/home/local/MPIB-BERLIN/wentzel/VirEnv/lib/python2.7/site-packages/PIL/EpsImagePlugin.py                                                          233    201    14%   40-52, 56-67, 74-153, 161-162, 165-166, 169-182, 186, 203-305, 309-327, 331-336, 341, 352-412
/home/local/MPIB-BERLIN/wentzel/VirEnv/lib/python2.7/site-packages/PIL/FitsStubImagePlugin.py                                                      29     15    48%   24, 31, 41-57, 60, 64-66
/home/local/MPIB-BERLIN/wentzel/VirEnv/lib/python2.7/site-packages/PIL/FliImagePlugin.py                                                          109     91    17%   29, 45-91, 96-109, 113-121, 125-135, 138-149, 152-174, 177
/home/local/MPIB-BERLIN/wentzel/VirEnv/lib/python2.7/site-packages/PIL/FpxImagePlugin.py                                                           89     73    18%   47, 63-71, 77-119, 125-213, 217-221
/home/local/MPIB-BERLIN/wentzel/VirEnv/lib/python2.7/site-packages/PIL/FtexImagePlugin.py                                                          35     20    43%   58-83, 86, 90
/home/local/MPIB-BERLIN/wentzel/VirEnv/lib/python2.7/site-packages/PIL/GbrImagePlugin.py                                                           41     31    24%   32, 44-83, 86-87
/home/local/MPIB-BERLIN/wentzel/VirEnv/lib/python2.7/site-packages/PIL/GifImagePlugin.py                                                          393    351    11%   39, 55-58, 63-88, 92-100, 104-114, 117-128, 132-270, 273, 276-287, 315-326, 341-366, 370-386, 391-445, 449, 453-467, 471-477, 481-549, 561-593, 612-633, 638-642, 653-660, 670, 679-696, 713-724, 742-755, 774-786
/home/local/MPIB-BERLIN/wentzel/VirEnv/lib/python2.7/site-packages/PIL/GimpGradientFile.py                                                         65     51    22%   29-40, 44, 48, 52, 56, 67-96, 106-137
/home/local/MPIB-BERLIN/wentzel/VirEnv/lib/python2.7/site-packages/PIL/GimpPaletteFile.py                                                          26     20    23%   30-58, 62
/home/local/MPIB-BERLIN/wentzel/VirEnv/lib/python2.7/site-packages/PIL/GribStubImagePlugin.py                                                      29     15    48%   25, 32, 42-55, 58, 62-64
/home/local/MPIB-BERLIN/wentzel/VirEnv/lib/python2.7/site-packages/PIL/Hdf5StubImagePlugin.py                                                      29     15    48%   24, 31, 41-54, 57, 61-63
/home/local/MPIB-BERLIN/wentzel/VirEnv/lib/python2.7/site-packages/PIL/IcnsImagePlugin.py                                                         199    165    17%   35, 40-45, 53-91, 96-103, 107-129, 185-199, 202-208, 211-214, 222-227, 230-245, 266-273, 276-297, 308-343, 350-352, 356-365
/home/local/MPIB-BERLIN/wentzel/VirEnv/lib/python2.7/site-packages/PIL/IcoImagePlugin.py                                                          118     95    19%   41-75, 79, 89-136, 142, 148-151, 158-235, 261-264, 267-272, 277
/home/local/MPIB-BERLIN/wentzel/VirEnv/lib/python2.7/site-packages/PIL/ImImagePlugin.py                                                           167    125    25%   99-102, 119-261, 266, 270, 274-292, 296, 324-344
/home/local/MPIB-BERLIN/wentzel/VirEnv/lib/python2.7/site-packages/PIL/Image.py                                                                  1103    832    25%   43, 58-96, 121, 137, 238, 272-277, 297, 309, 324, 335, 348-376, 387, 393-394, 407-423, 429-445, 452, 457, 460, 463, 467-484, 519, 523, 531, 533-534, 540, 543, 556-568, 571-575, 578-581, 584-599, 602, 612-613, 616, 627-630, 635-646, 649, 657-666, 686-709, 712, 726-730, 745-760, 763, 784-788, 792-797, 809, 849-972, 990-1016, 1026-1027, 1044-1048, 1062-1071, 1091, 1094-1097, 1107-1121, 1131, 1144-1145, 1157-1167, 1187-1190, 1202-1208, 1217-1218, 1228-1235, 1246-1249, 1259-1261, 1282-1290, 1293, 1336-1377, 1393-1425, 1444-1464, 1477-1521, 1538, 1556, 1559, 1565, 1592-1600, 1613-1674, 1692-1712, 1740-1813, 1845-1897, 1917-1918, 1940, 1953-1960, 1968, 1994-2015, 2043-2069, 2073-2118, 2131-2132, 2140-2141, 2145-2148, 2152-2155, 2180, 2192, 2194, 2196, 2221, 2226-2227, 2256-2267, 2271, 2310-2333, 2351-2380, 2385-2388, 2393-2396, 2428-2434, 2461-2518, 2535-2537, 2558-2560, 2575-2577, 2593, 2608-2619, 2690-2692, 2720, 2728, 2732-2733, 2749, 2760, 2769, 2778
/home/local/MPIB-BERLIN/wentzel/VirEnv/lib/python2.7/site-packages/PIL/ImageChops.py                                                               65     46    29%   27, 36, 50-51, 66-68, 83-85, 100-102, 119-121, 135-137, 152-154, 169-171, 184-186, 199-201, 214-216, 229-231, 244-246, 256, 266, 280-283
/home/local/MPIB-BERLIN/wentzel/VirEnv/lib/python2.7/site-packages/PIL/ImageColor.py                                                               46     41    11%   34-113, 128-140
/home/local/MPIB-BERLIN/wentzel/VirEnv/lib/python2.7/site-packages/PIL/ImageFile.py                                                               322    274    15%   53-59, 68, 79-112, 117, 124-126, 131-255, 259-264, 268, 288, 293-300, 304, 327, 338-409, 421-437, 451-501, 514-525, 530-533, 536, 551-555, 564, 568, 579, 587, 596, 609-629, 641-650
/home/local/MPIB-BERLIN/wentzel/VirEnv/lib/python2.7/site-packages/PIL/ImageMode.py                                                                24     19    21%   24-27, 30, 36-55
/home/local/MPIB-BERLIN/wentzel/VirEnv/lib/python2.7/site-packages/PIL/ImagePalette.py                                                            117     86    26%   46, 49-58, 69, 76-83, 93-112, 119-133, 151-157, 161-164, 168-170, 174-178, 182-186, 190, 197-216
/home/local/MPIB-BERLIN/wentzel/VirEnv/lib/python2.7/site-packages/PIL/ImageSequence.py                                                            23     17    26%   32-35, 38-42, 45, 48-53, 56
/home/local/MPIB-BERLIN/wentzel/VirEnv/lib/python2.7/site-packages/PIL/ImtImagePlugin.py                                                           37     28    24%   44-86
/home/local/MPIB-BERLIN/wentzel/VirEnv/lib/python2.7/site-packages/PIL/IptcImagePlugin.py                                                         146    126    14%   39, 43-45, 58, 63-84, 89-133, 138-174, 190-257
/home/local/MPIB-BERLIN/wentzel/VirEnv/lib/python2.7/site-packages/PIL/Jpeg2KImagePlugin.py                                                       180    156    13%   27-55, 63-148, 159-194, 198-210, 214, 222-264
/home/local/MPIB-BERLIN/wentzel/VirEnv/lib/python2.7/site-packages/PIL/JpegImagePlugin.py                                                         397    354    11%   53-54, 62-135, 141-145, 156-193, 205-215, 290, 303-351, 355-381, 387-410, 413, 416, 422-430, 440-475, 485-548, 579-582, 593-596, 601-739, 744-751, 757-770
/home/local/MPIB-BERLIN/wentzel/VirEnv/lib/python2.7/site-packages/PIL/JpegPresets.py                                                               1      0   100%
/home/local/MPIB-BERLIN/wentzel/VirEnv/lib/python2.7/site-packages/PIL/McIdasImagePlugin.py                                                        29     20    31%   26, 40-67
/home/local/MPIB-BERLIN/wentzel/VirEnv/lib/python2.7/site-packages/PIL/MicImagePlugin.py                                                           41     26    37%   32, 49-73, 77, 81, 85-94, 98
/home/local/MPIB-BERLIN/wentzel/VirEnv/lib/python2.7/site-packages/PIL/MpegImagePlugin.py                                                          41     24    41%   29-31, 34, 37-44, 47-50, 53-55, 69-75
/home/local/MPIB-BERLIN/wentzel/VirEnv/lib/python2.7/site-packages/PIL/MpoImagePlugin.py                                                           42     25    40%   27, 32, 45-61, 64, 68, 72, 75-83, 86
/home/local/MPIB-BERLIN/wentzel/VirEnv/lib/python2.7/site-packages/PIL/MspImagePlugin.py                                                           77     59    23%   39, 54-71, 113-149, 161-183
/home/local/MPIB-BERLIN/wentzel/VirEnv/lib/python2.7/site-packages/PIL/PaletteFile.py                                                              24     19    21%   28-51, 55
/home/local/MPIB-BERLIN/wentzel/VirEnv/lib/python2.7/site-packages/PIL/PalmImagePlugin.py                                                          77     57    26%   121-228
/home/local/MPIB-BERLIN/wentzel/VirEnv/lib/python2.7/site-packages/PIL/PcdImagePlugin.py                                                           26     16    38%   37-52, 55-58
/home/local/MPIB-BERLIN/wentzel/VirEnv/lib/python2.7/site-packages/PIL/PcxImagePlugin.py                                                           77     62    19%   38, 52-108, 124-172
/home/local/MPIB-BERLIN/wentzel/VirEnv/lib/python2.7/site-packages/PIL/PdfImagePlugin.py                                                          134    122     9%   41-47, 51, 55, 62-261
/home/local/MPIB-BERLIN/wentzel/VirEnv/lib/python2.7/site-packages/PIL/PixarImagePlugin.py                                                         20     10    50%   32, 46-63
/home/local/MPIB-BERLIN/wentzel/VirEnv/lib/python2.7/site-packages/PIL/PngImagePlugin.py                                                          438    373    15%   82-86, 96-100, 104-119, 122, 126, 131-132, 139-150, 156, 163-176, 193-196, 206, 216, 229-242, 254-270, 280-290, 293-295, 301-324, 329-339, 344-346, 351, 356-359, 364-380, 385-387, 392-400, 405-420, 425-456, 461-498, 505, 518-560, 565-574, 579-582, 587-608, 613-614, 641-646, 653-654, 657, 663-801, 810-833
/home/local/MPIB-BERLIN/wentzel/VirEnv/lib/python2.7/site-packages/PIL/PpmImagePlugin.py                                                           98     74    24%   34-35, 53, 65-74, 79-121, 131-156
/home/local/MPIB-BERLIN/wentzel/VirEnv/lib/python2.7/site-packages/PIL/PsdImagePlugin.py                                                          175    157    10%   42, 55-127, 131, 135, 139-151, 155, 159-164, 169-250, 255-299
/home/local/MPIB-BERLIN/wentzel/VirEnv/lib/python2.7/site-packages/PIL/SgiImagePlugin.py                                                           82     63    23%   33, 47-80, 84-142
/home/local/MPIB-BERLIN/wentzel/VirEnv/lib/python2.7/site-packages/PIL/SpiderImagePlugin.py                                                       196    169    14%   45-54, 65-82, 86-93, 104-157, 161, 165, 169-172, 175-182, 186-191, 195-196, 205-221, 228-258, 262-279, 284-286, 295-322
/home/local/MPIB-BERLIN/wentzel/VirEnv/lib/python2.7/site-packages/PIL/SunImagePlugin.py                                                           52     42    19%   27, 56-128
/home/local/MPIB-BERLIN/wentzel/VirEnv/lib/python2.7/site-packages/PIL/TgaImagePlugin.py                                                           78     65    17%   53-127, 144-182
/home/local/MPIB-BERLIN/wentzel/VirEnv/lib/python2.7/site-packages/PIL/TiffImagePlugin.py                                                         926    699    25%   237, 241-243, 273-295, 299, 303, 312-316, 319, 322, 325, 329, 434-445, 453, 456-461, 464, 472, 476, 479-487, 490, 494, 497, 500-542, 545-547, 550, 553, 556, 594, 598, 602-604, 609-611, 615-618, 623, 628, 632, 636-639, 644, 648-653, 657-710, 714-779, 811-812, 829-833, 846-850, 853, 856, 859, 862-863, 866-875, 895-917, 921-929, 933-943, 947-952, 955-979, 983, 988-1008, 1011-1013, 1018-1019, 1025-1106, 1111-1297, 1335-1498, 1527-1538, 1542-1562, 1565-1586, 1590-1591, 1594, 1597-1599, 1602, 1605-1609, 1612-1619, 1622-1625, 1628-1636, 1639, 1642-1643, 1646-1647, 1650-1653, 1657-1660, 1664-1667, 1671-1673, 1677-1679, 1683-1684, 1687-1718, 1721-1741, 1745-1768
/home/local/MPIB-BERLIN/wentzel/VirEnv/lib/python2.7/site-packages/PIL/TiffTags.py                                                                 36      2    94%   31, 43
/home/local/MPIB-BERLIN/wentzel/VirEnv/lib/python2.7/site-packages/PIL/WebPImagePlugin.py                                                          40     25    38%   18-22, 31-41, 44-45, 49-71
/home/local/MPIB-BERLIN/wentzel/VirEnv/lib/python2.7/site-packages/PIL/WmfImagePlugin.py                                                           65     46    29%   33, 43, 48-62, 70, 87-149, 152, 156-158
/home/local/MPIB-BERLIN/wentzel/VirEnv/lib/python2.7/site-packages/PIL/XVThumbImagePlugin.py                                                       30     15    50%   36, 50-72
/home/local/MPIB-BERLIN/wentzel/VirEnv/lib/python2.7/site-packages/PIL/XbmImagePlugin.py                                                           35     21    40%   40, 53-68, 73-88
/home/local/MPIB-BERLIN/wentzel/VirEnv/lib/python2.7/site-packages/PIL/XpmImagePlugin.py                                                           57     43    25%   29, 42-105, 112-119
/home/local/MPIB-BERLIN/wentzel/VirEnv/lib/python2.7/site-packages/PIL/__init__.py                                                                  5      0   100%
/home/local/MPIB-BERLIN/wentzel/VirEnv/lib/python2.7/site-packages/PIL/_binary.py                                                                  30     15    50%   18, 23-27, 38, 48, 58, 68, 72, 76, 81, 85, 89, 93
/home/local/MPIB-BERLIN/wentzel/VirEnv/lib/python2.7/site-packages/PIL/_util.py                                                                    17      8    53%   8-14, 19, 24, 27
/home/local/MPIB-BERLIN/wentzel/VirEnv/lib/python2.7/site-packages/PIL/version.py                                                                   1      0   100%
/home/local/MPIB-BERLIN/wentzel/VirEnv/lib/python2.7/site-packages/app_version/__init__.py                                                          5      0   100%
/home/local/MPIB-BERLIN/wentzel/VirEnv/lib/python2.7/site-packages/app_version/core.py                                                             36      9    75%   66, 73-75, 121-122, 129, 178-179
/home/local/MPIB-BERLIN/wentzel/VirEnv/lib/python2.7/site-packages/appconf/__init__.py                                                              3      0   100%
/home/local/MPIB-BERLIN/wentzel/VirEnv/lib/python2.7/site-packages/appconf/base.py                                                                 92     16    83%   21, 43, 60-62, 72, 82-84, 103, 115, 118, 127, 132-135
/home/local/MPIB-BERLIN/wentzel/VirEnv/lib/python2.7/site-packages/appconf/utils.py                                                                11      2    82%   7-8
/home/local/MPIB-BERLIN/wentzel/VirEnv/lib/python2.7/site-packages/certifi/__init__.py                                                              2      0   100%
/home/local/MPIB-BERLIN/wentzel/VirEnv/lib/python2.7/site-packages/certifi/core.py                                                                 13      4    69%   28-33, 36
/home/local/MPIB-BERLIN/wentzel/VirEnv/lib/python2.7/site-packages/chardet/__init__.py                                                             11      7    36%   31-39
/home/local/MPIB-BERLIN/wentzel/VirEnv/lib/python2.7/site-packages/chardet/big5freq.py                                                              3      0   100%
/home/local/MPIB-BERLIN/wentzel/VirEnv/lib/python2.7/site-packages/chardet/big5prober.py                                                           14      6    57%   36-39, 43, 47
/home/local/MPIB-BERLIN/wentzel/VirEnv/lib/python2.7/site-packages/chardet/chardistribution.py                                                    117     83    29%   49-59, 65-68, 72-82, 88-98, 103, 110, 115-118, 125-129, 134-137, 144-148, 153-156, 163-167, 172-175, 182-189, 194-197, 204-214, 219-222, 229-233
/home/local/MPIB-BERLIN/wentzel/VirEnv/lib/python2.7/site-packages/chardet/charsetgroupprober.py                                                   70     61    13%   34-37, 40-47, 51-55, 59-63, 66-83, 86-106
/home/local/MPIB-BERLIN/wentzel/VirEnv/lib/python2.7/site-packages/chardet/charsetprober.py                                                        50     36    28%   40-42, 45, 49, 52, 56, 59, 63-64, 81-101, 115-145
/home/local/MPIB-BERLIN/wentzel/VirEnv/lib/python2.7/site-packages/chardet/codingstatemachine.py                                                   27     18    33%   56-61, 64, 69-78, 81, 84, 88
/home/local/MPIB-BERLIN/wentzel/VirEnv/lib/python2.7/site-packages/chardet/compat.py                                                               10      4    60%   31-34
/home/local/MPIB-BERLIN/wentzel/VirEnv/lib/python2.7/site-packages/chardet/cp949prober.py                                                          14      6    57%   36-41, 45, 49
/home/local/MPIB-BERLIN/wentzel/VirEnv/lib/python2.7/site-packages/chardet/enums.py                                                                34      1    97%   62
/home/local/MPIB-BERLIN/wentzel/VirEnv/lib/python2.7/site-packages/chardet/escprober.py                                                            56     45    20%   43-56, 59-67, 71, 75, 78-81, 84-101
/home/local/MPIB-BERLIN/wentzel/VirEnv/lib/python2.7/site-packages/chardet/escsm.py                                                                17      0   100%
/home/local/MPIB-BERLIN/wentzel/VirEnv/lib/python2.7/site-packages/chardet/eucjpprober.py                                                          47     34    28%   38-42, 45-46, 50, 54, 57-87, 90-92
/home/local/MPIB-BERLIN/wentzel/VirEnv/lib/python2.7/site-packages/chardet/euckrfreq.py                                                             3      0   100%
/home/local/MPIB-BERLIN/wentzel/VirEnv/lib/python2.7/site-packages/chardet/euckrprober.py                                                          14      6    57%   36-39, 43, 47
/home/local/MPIB-BERLIN/wentzel/VirEnv/lib/python2.7/site-packages/chardet/euctwfreq.py                                                             3      0   100%
/home/local/MPIB-BERLIN/wentzel/VirEnv/lib/python2.7/site-packages/chardet/euctwprober.py                                                          14      6    57%   35-38, 42, 46
/home/local/MPIB-BERLIN/wentzel/VirEnv/lib/python2.7/site-packages/chardet/gb2312freq.py                                                            3      0   100%
/home/local/MPIB-BERLIN/wentzel/VirEnv/lib/python2.7/site-packages/chardet/gb2312prober.py                                                         14      6    57%   35-38, 42, 46
/home/local/MPIB-BERLIN/wentzel/VirEnv/lib/python2.7/site-packages/chardet/hebrewprober.py                                                         74     48    35%   155-162, 165-171, 175-176, 179, 193, 223-253, 259-280, 284, 289-292
/home/local/MPIB-BERLIN/wentzel/VirEnv/lib/python2.7/site-packages/chardet/jisfreq.py                                                               3      0   100%
/home/local/MPIB-BERLIN/wentzel/VirEnv/lib/python2.7/site-packages/chardet/jpcntx.py                                                               80     61    24%   124-129, 132-141, 144-168, 171, 175-178, 181, 185-186, 190, 193-210, 214-231
/home/local/MPIB-BERLIN/wentzel/VirEnv/lib/python2.7/site-packages/chardet/langbulgarianmodel.py                                                    5      0   100%
/home/local/MPIB-BERLIN/wentzel/VirEnv/lib/python2.7/site-packages/chardet/langcyrillicmodel.py                                                    13      0   100%
/home/local/MPIB-BERLIN/wentzel/VirEnv/lib/python2.7/site-packages/chardet/langgreekmodel.py                                                        5      0   100%
/home/local/MPIB-BERLIN/wentzel/VirEnv/lib/python2.7/site-packages/chardet/langhebrewmodel.py                                                       3      0   100%
/home/local/MPIB-BERLIN/wentzel/VirEnv/lib/python2.7/site-packages/chardet/langthaimodel.py                                                         3      0   100%
/home/local/MPIB-BERLIN/wentzel/VirEnv/lib/python2.7/site-packages/chardet/langturkishmodel.py                                                      3      0   100%
/home/local/MPIB-BERLIN/wentzel/VirEnv/lib/python2.7/site-packages/chardet/latin1prober.py                                                         50     29    42%   98-101, 104-106, 110, 114, 117-128, 131-145
/home/local/MPIB-BERLIN/wentzel/VirEnv/lib/python2.7/site-packages/chardet/mbcharsetprober.py                                                      42     33    21%   40-43, 46-51, 55, 59, 62-88, 91
/home/local/MPIB-BERLIN/wentzel/VirEnv/lib/python2.7/site-packages/chardet/mbcsgroupprober.py                                                      14      3    79%   43-54
/home/local/MPIB-BERLIN/wentzel/VirEnv/lib/python2.7/site-packages/chardet/mbcssm.py                                                               41      0   100%
/home/local/MPIB-BERLIN/wentzel/VirEnv/lib/python2.7/site-packages/chardet/sbcharsetprober.py                                                      73     60    18%   40-51, 54-61, 65-68, 72-75, 78-122, 125-132
/home/local/MPIB-BERLIN/wentzel/VirEnv/lib/python2.7/site-packages/chardet/sbcsgroupprober.py                                                      19      8    58%   45-73
/home/local/MPIB-BERLIN/wentzel/VirEnv/lib/python2.7/site-packages/chardet/sjisprober.py                                                           47     34    28%   38-42, 45-46, 50, 54, 57-87, 90-92
/home/local/MPIB-BERLIN/wentzel/VirEnv/lib/python2.7/site-packages/chardet/universaldetector.py                                                   124    104    16%   82-92, 100-109, 125-218, 229-286
/home/local/MPIB-BERLIN/wentzel/VirEnv/lib/python2.7/site-packages/chardet/utf8prober.py                                                           41     29    29%   39-42, 45-47, 51, 55, 58-74, 77-82
/home/local/MPIB-BERLIN/wentzel/VirEnv/lib/python2.7/site-packages/chardet/version.py                                                               2      0   100%
/home/local/MPIB-BERLIN/wentzel/VirEnv/lib/python2.7/site-packages/debug_toolbar/__init__.py                                                       12      3    75%   11-12, 18
/home/local/MPIB-BERLIN/wentzel/VirEnv/lib/python2.7/site-packages/debug_toolbar/apps.py                                                           37      5    86%   35, 41, 51, 66-67
/home/local/MPIB-BERLIN/wentzel/VirEnv/lib/python2.7/site-packages/debug_toolbar/compat.py                                                          4      2    50%   10-11
/home/local/MPIB-BERLIN/wentzel/VirEnv/lib/python2.7/site-packages/debug_toolbar/decorators.py                                                     10      5    50%   9-15
/home/local/MPIB-BERLIN/wentzel/VirEnv/lib/python2.7/site-packages/debug_toolbar/management/__init__.py                                             0      0   100%
/home/local/MPIB-BERLIN/wentzel/VirEnv/lib/python2.7/site-packages/debug_toolbar/middleware.py                                                     80     46    43%   21-23, 34, 47, 64-80, 88-93, 101-138
/home/local/MPIB-BERLIN/wentzel/VirEnv/lib/python2.7/site-packages/debug_toolbar/panels/__init__.py                                                47     20    57%   16, 22, 27-41, 50, 57, 65, 74, 84, 95-96, 142, 148, 200-201
/home/local/MPIB-BERLIN/wentzel/VirEnv/lib/python2.7/site-packages/debug_toolbar/panels/cache.py                                                  124     69    44%   24, 32-46, 53, 56, 59-61, 64, 67, 71, 75, 79, 83, 87, 93, 97, 101, 105, 109, 113, 117, 121, 125-126, 131-132, 141, 152-172, 177-192, 208-209, 216-217, 222-227, 230-236, 239
/home/local/MPIB-BERLIN/wentzel/VirEnv/lib/python2.7/site-packages/debug_toolbar/panels/headers.py                                                 22     10    55%   39-46, 52-53, 61, 65
/home/local/MPIB-BERLIN/wentzel/VirEnv/lib/python2.7/site-packages/debug_toolbar/panels/logging.py                                                 48     15    69%   13-14, 25, 37-38, 63-64, 70-72, 78, 81-84
/home/local/MPIB-BERLIN/wentzel/VirEnv/lib/python2.7/site-packages/debug_toolbar/panels/redirects.py                                               17      9    47%   19-27
/home/local/MPIB-BERLIN/wentzel/VirEnv/lib/python2.7/site-packages/debug_toolbar/panels/request.py                                                 31     18    42%   12-13, 29-30, 33-57
/home/local/MPIB-BERLIN/wentzel/VirEnv/lib/python2.7/site-packages/debug_toolbar/panels/settings.py                                                13      2    85%   21, 24
/home/local/MPIB-BERLIN/wentzel/VirEnv/lib/python2.7/site-packages/debug_toolbar/panels/signals.py                                                 47     32    32%   38-47, 56-60, 63-86
/home/local/MPIB-BERLIN/wentzel/VirEnv/lib/python2.7/site-packages/debug_toolbar/panels/sql/__init__.py                                             1      0   100%
/home/local/MPIB-BERLIN/wentzel/VirEnv/lib/python2.7/site-packages/debug_toolbar/panels/sql/forms.py                                               58     30    48%   36-44, 47-52, 55-60, 63-68, 71-76, 79, 82-85, 89, 93
/home/local/MPIB-BERLIN/wentzel/VirEnv/lib/python2.7/site-packages/debug_toolbar/panels/sql/panel.py                                              149    121    19%   22-33, 37-48, 57-64, 67-91, 94-104, 112, 117-118, 134-135, 138-139, 142-238
/home/local/MPIB-BERLIN/wentzel/VirEnv/lib/python2.7/site-packages/debug_toolbar/panels/sql/tracking.py                                            97     62    36%   25-27, 30, 38-51, 55-57, 66, 69, 78-82, 85-88, 91-95, 98-101, 104-158, 161, 164, 167, 170, 173, 176, 179
/home/local/MPIB-BERLIN/wentzel/VirEnv/lib/python2.7/site-packages/debug_toolbar/panels/sql/utils.py                                               39     29    26%   14-20, 24-27, 31-36, 44-60
/home/local/MPIB-BERLIN/wentzel/VirEnv/lib/python2.7/site-packages/debug_toolbar/panels/sql/views.py                                               62     50    19%   15-34, 41-71, 78-118
/home/local/MPIB-BERLIN/wentzel/VirEnv/lib/python2.7/site-packages/debug_toolbar/panels/staticfiles.py                                             97     56    42%   19-20, 29, 32, 35, 38, 45-47, 61-73, 88, 92-94, 97, 100, 104, 110-111, 116, 119-122, 137-151, 157-161, 167-173
/home/local/MPIB-BERLIN/wentzel/VirEnv/lib/python2.7/site-packages/debug_toolbar/panels/templates/__init__.py                                       1      0   100%
/home/local/MPIB-BERLIN/wentzel/VirEnv/lib/python2.7/site-packages/debug_toolbar/panels/templates/panel.py                                        125     76    39%   39, 70-81, 84-156, 164-165, 169-171, 182, 185, 188-215
/home/local/MPIB-BERLIN/wentzel/VirEnv/lib/python2.7/site-packages/debug_toolbar/panels/templates/views.py                                         47     37    21%   13-14, 23-70
/home/local/MPIB-BERLIN/wentzel/VirEnv/lib/python2.7/site-packages/debug_toolbar/panels/timer.py                                                   46     30    35%   12-13, 22-33, 43-51, 54-56, 59-83, 86
/home/local/MPIB-BERLIN/wentzel/VirEnv/lib/python2.7/site-packages/debug_toolbar/panels/versions.py                                                36     23    36%   18, 25-30, 36-41, 44-58
/home/local/MPIB-BERLIN/wentzel/VirEnv/lib/python2.7/site-packages/debug_toolbar/settings.py                                                       45     21    53%   58-61, 64-67, 70-73, 79-97, 128-160
/home/local/MPIB-BERLIN/wentzel/VirEnv/lib/python2.7/site-packages/debug_toolbar/templatetags/__init__.py                                           0      0   100%
/home/local/MPIB-BERLIN/wentzel/VirEnv/lib/python2.7/site-packages/debug_toolbar/toolbar.py                                                        70     33    53%   23-30, 39, 46, 52, 60-72, 79-82, 85-94, 98
/home/local/MPIB-BERLIN/wentzel/VirEnv/lib/python2.7/site-packages/debug_toolbar/utils.py                                                         167    117    30%   23-24, 34-35, 51, 63-69, 73-87, 91-115, 119-140, 147-163, 167-172, 176-187, 203-242, 254-259, 265, 282-285
/home/local/MPIB-BERLIN/wentzel/VirEnv/lib/python2.7/site-packages/debug_toolbar/views.py                                                          14      7    50%   14-22
/home/local/MPIB-BERLIN/wentzel/VirEnv/lib/python2.7/site-packages/django/__init__.py                                                              14      0   100%
/home/local/MPIB-BERLIN/wentzel/VirEnv/lib/python2.7/site-packages/django/apps/__init__.py                                                          3      0   100%
/home/local/MPIB-BERLIN/wentzel/VirEnv/lib/python2.7/site-packages/django/apps/config.py                                                           86     21    76%   56, 66-72, 74, 79, 96-106, 123-129, 134, 141-142, 148-149
/home/local/MPIB-BERLIN/wentzel/VirEnv/lib/python2.7/site-packages/django/apps/registry.py                                                        168     33    80%   25, 67, 73, 78, 87, 100, 125, 132, 154-155, 203, 214-222, 305-318, 324-325, 344-350, 356-358
/home/local/MPIB-BERLIN/wentzel/VirEnv/lib/python2.7/site-packages/django/conf/__init__.py                                                         95     34    64%   34-35, 45-47, 76-77, 85-90, 124, 129, 137, 144, 147, 166-167, 170-172, 175-176, 179-181, 184, 190-193, 196
/home/local/MPIB-BERLIN/wentzel/VirEnv/lib/python2.7/site-packages/django/conf/global_settings.py                                                 144      0   100%
/home/local/MPIB-BERLIN/wentzel/VirEnv/lib/python2.7/site-packages/django/conf/locale/__init__.py                                                   2      0   100%
/home/local/MPIB-BERLIN/wentzel/VirEnv/lib/python2.7/site-packages/django/conf/locale/en/__init__.py                                                0      0   100%
/home/local/MPIB-BERLIN/wentzel/VirEnv/lib/python2.7/site-packages/django/conf/locale/en/formats.py                                                14      0   100%
/home/local/MPIB-BERLIN/wentzel/VirEnv/lib/python2.7/site-packages/django/conf/urls/__init__.py                                                    44      6    86%   21, 23, 35, 54, 71, 85
/home/local/MPIB-BERLIN/wentzel/VirEnv/lib/python2.7/site-packages/django/conf/urls/i18n.py                                                        17      6    65%   14-18, 31
/home/local/MPIB-BERLIN/wentzel/VirEnv/lib/python2.7/site-packages/django/contrib/__init__.py                                                       0      0   100%
/home/local/MPIB-BERLIN/wentzel/VirEnv/lib/python2.7/site-packages/django/contrib/admin/__init__.py                                                10      0   100%
/home/local/MPIB-BERLIN/wentzel/VirEnv/lib/python2.7/site-packages/django/contrib/admin/actions.py                                                 36     26    28%   25-83
/home/local/MPIB-BERLIN/wentzel/VirEnv/lib/python2.7/site-packages/django/contrib/admin/apps.py                                                    14      0   100%
/home/local/MPIB-BERLIN/wentzel/VirEnv/lib/python2.7/site-packages/django/contrib/admin/checks.py                                                 425    220    48%   36-41, 46-54, 59-64, 91, 105-106, 110, 122-142, 153-156, 165-191, 201-207, 210-235, 242-253, 259, 268, 270, 281, 283, 296-297, 301, 309, 311, 325-326, 330, 349, 362, 372, 379, 381, 394-410, 416-419, 428-433, 442, 453, 463, 467, 470, 472, 475-476, 485-488, 494-514, 539, 548, 557, 566-589, 596, 605, 612-616, 619, 630, 640-656, 664, 666, 675, 678-689, 693, 713-726, 729-733, 741-742, 756, 764, 772, 781, 789-836, 842, 852-867, 873-881, 886-910, 913-918, 923-926, 931-936, 941-946, 951-954, 958, 968, 978
/home/local/MPIB-BERLIN/wentzel/VirEnv/lib/python2.7/site-packages/django/contrib/admin/decorators.py                                              14      3    79%   18, 23, 26
/home/local/MPIB-BERLIN/wentzel/VirEnv/lib/python2.7/site-packages/django/contrib/admin/exceptions.py                                               5      0   100%
/home/local/MPIB-BERLIN/wentzel/VirEnv/lib/python2.7/site-packages/django/contrib/admin/filters.py                                                209    144    31%   28-30, 38, 46, 52, 59, 67-79, 82, 90, 96, 101, 104-110, 122-130, 133, 136-141, 149-151, 157-160, 165-178, 186, 189-193, 196, 199, 202-219, 233-240, 243, 246-258, 275-279, 283, 286-306, 320-367, 371-374, 377-378, 394-409, 413, 416-435, 449-450
/home/local/MPIB-BERLIN/wentzel/VirEnv/lib/python2.7/site-packages/django/contrib/admin/helpers.py                                                236    172    27%   41-49, 52-53, 62, 66, 70-73, 79-84, 88-96, 99-100, 105-117, 120-124, 127, 136-139, 142-154, 160, 168-194, 197-201, 206-238, 247-257, 260-272, 279-295, 303-304, 317, 321, 325-328, 337-342, 345-346, 353-360, 363, 366-370, 373-374, 377-378, 383-384, 387-391, 399-406
/home/local/MPIB-BERLIN/wentzel/VirEnv/lib/python2.7/site-packages/django/contrib/admin/migrations/0001_initial.py                                  7      0   100%
/home/local/MPIB-BERLIN/wentzel/VirEnv/lib/python2.7/site-packages/django/contrib/admin/migrations/0002_logentry_remove_auto_add.py                 6      0   100%
/home/local/MPIB-BERLIN/wentzel/VirEnv/lib/python2.7/site-packages/django/contrib/admin/migrations/__init__.py                                      0      0   100%
/home/local/MPIB-BERLIN/wentzel/VirEnv/lib/python2.7/site-packages/django/contrib/admin/models.py                                                  86     46    47%   24-26, 70, 73-83, 86, 89, 92, 99-132, 136, 142-148
/home/local/MPIB-BERLIN/wentzel/VirEnv/lib/python2.7/site-packages/django/contrib/admin/options.py                                                957    737    23%   62-63, 67, 124, 136-181, 188-199, 207-212, 218-232, 240-262, 265-272, 281-284, 290, 296, 302-304, 310, 316, 322, 329-334, 337-385, 392-430, 437-439, 452-454, 467-469, 482, 529, 532-544, 551, 576-587, 595, 602-605, 612-649, 658-659, 667-674, 680-687, 694-698, 707-708, 711, 719-720, 735-736, 752-753, 765, 775-803, 810-814, 823-844, 851, 859-863, 870, 877, 884, 892-917, 923-935, 941, 954-966, 973, 979, 985, 991, 1001-1003, 1006-1036, 1046-1119, 1126-1196, 1203-1213, 1220-1231, 1243-1298, 1305-1340, 1343-1353, 1364-1374, 1381-1390, 1397-1403, 1407-1408, 1411-1505, 1508, 1511, 1518-1681, 1689-1690, 1694-1752, 1756-1787, 1795-1819, 1845-1853, 1857-1864, 1868, 1872, 1876, 1880-1952, 1955-1958, 1961-1964, 1967-1973, 1976-1985, 1988-1994
/home/local/MPIB-BERLIN/wentzel/VirEnv/lib/python2.7/site-packages/django/contrib/admin/sites.py                                                  223    119    47%   105, 110, 121-122, 133-138, 144, 150-152, 158, 165, 172, 176, 180, 187, 212-231, 242, 290-292, 304-315, 321-328, 337, 346-359, 366-393, 400-458, 465-474, 482-493, 496-512
/home/local/MPIB-BERLIN/wentzel/VirEnv/lib/python2.7/site-packages/django/contrib/admin/templatetags/__init__.py                                    0      0   100%
/home/local/MPIB-BERLIN/wentzel/VirEnv/lib/python2.7/site-packages/django/contrib/admin/templatetags/admin_list.py                                222    186    16%   38-43, 54-86, 100-169, 183-185, 192-197, 205-297, 306-307, 311-316, 320-323, 331-336, 348-413, 427, 436-437, 450-451
/home/local/MPIB-BERLIN/wentzel/VirEnv/lib/python2.7/site-packages/django/contrib/admin/templatetags/admin_modify.py                               36     29    19%   15-39, 47-66, 72-81
/home/local/MPIB-BERLIN/wentzel/VirEnv/lib/python2.7/site-packages/django/contrib/admin/templatetags/admin_static.py                                5      1    80%   11
/home/local/MPIB-BERLIN/wentzel/VirEnv/lib/python2.7/site-packages/django/contrib/admin/templatetags/admin_urls.py                                 38     28    26%   12, 17, 22-55
/home/local/MPIB-BERLIN/wentzel/VirEnv/lib/python2.7/site-packages/django/contrib/admin/templatetags/log.py                                        29     21    28%   9, 12, 15-23, 45-59
/home/local/MPIB-BERLIN/wentzel/VirEnv/lib/python2.7/site-packages/django/contrib/admin/utils.py                                                  315    260    17%   33-49, 57-65, 75-82, 89-103, 109-115, 120-125, 136-177, 182-185, 188, 191-204, 207-208, 211-223, 229-233, 240, 250-256, 271-277, 281-306, 317-327, 338-386, 390-398, 402-423, 427-442, 450-453, 464-484, 500, 513-544
/home/local/MPIB-BERLIN/wentzel/VirEnv/lib/python2.7/site-packages/django/contrib/admin/views/__init__.py                                           0      0   100%
/home/local/MPIB-BERLIN/wentzel/VirEnv/lib/python2.7/site-packages/django/contrib/admin/views/main.py                                             246    211    14%   41-85, 91-99, 102-154, 157-172, 175-205, 208-213, 223-235, 246-279, 288-312, 316-357, 360-369, 372-383, 386-387
/home/local/MPIB-BERLIN/wentzel/VirEnv/lib/python2.7/site-packages/django/contrib/admin/widgets.py                                                225    154    32%   29-30, 33-35, 38-44, 50-51, 54-57, 63-64, 67-70, 80-83, 86-89, 105-119, 130-133, 136-159, 162-165, 168-171, 174-192, 203-207, 210, 213, 216-218, 221, 233-250, 253-257, 261, 265, 268, 272-304, 307, 310, 313, 318-321, 326-329, 334-337, 344-347, 350-354, 361-364
/home/local/MPIB-BERLIN/wentzel/VirEnv/lib/python2.7/site-packages/django/contrib/auth/__init__.py                                                134     55    59%   32, 40, 50-55, 71-73, 81, 89-110, 126, 131-137, 143-148, 158, 170-185, 194-197, 212-213, 226-227, 248-250
/home/local/MPIB-BERLIN/wentzel/VirEnv/lib/python2.7/site-packages/django/contrib/auth/admin.py                                                   106     54    49%   34-39, 70-72, 78-82, 85, 95-97, 102-103, 112-130, 135-189, 207-210
/home/local/MPIB-BERLIN/wentzel/VirEnv/lib/python2.7/site-packages/django/contrib/auth/apps.py                                                     13      0   100%
/home/local/MPIB-BERLIN/wentzel/VirEnv/lib/python2.7/site-packages/django/contrib/auth/backends.py                                                 88     53    40%   16, 19-22, 36, 39-41, 49-60, 67, 74, 77-82, 85-87, 93-98, 103-104, 110, 137-156, 165, 173, 178
/home/local/MPIB-BERLIN/wentzel/VirEnv/lib/python2.7/site-packages/django/contrib/auth/base_user.py                                                77     18    77%   30-31, 45, 65, 74, 77, 86, 114-117, 122, 125, 128, 131, 142-145
/home/local/MPIB-BERLIN/wentzel/VirEnv/lib/python2.7/site-packages/django/contrib/auth/checks.py                                                   54     19    65%   18-27, 33, 43, 54-66, 78, 88, 104, 119-122, 136, 147, 158
/home/local/MPIB-BERLIN/wentzel/VirEnv/lib/python2.7/site-packages/django/contrib/auth/context_processors.py                                       31     11    65%   10, 18, 21, 24, 36, 42-46, 60-61
/home/local/MPIB-BERLIN/wentzel/VirEnv/lib/python2.7/site-packages/django/contrib/auth/decorators.py                                               39     21    46%   22-34, 52, 62-75
/home/local/MPIB-BERLIN/wentzel/VirEnv/lib/python2.7/site-packages/django/contrib/auth/forms.py                                                   194    113    42%   29-42, 55, 58, 63, 93-95, 98-107, 110-114, 133-136, 142, 173-180, 183-197, 210-211, 217-219, 222, 233-243, 252-256, 268-287, 314-315, 318-327, 330-334, 357-363, 388-389, 392-401, 407-411, 415-419
/home/local/MPIB-BERLIN/wentzel/VirEnv/lib/python2.7/site-packages/django/contrib/auth/hashers.py                                                 314    155    51%   28, 31-32, 45, 59, 62, 78, 94, 107-109, 121, 130-131, 148, 151, 162-164, 180-191, 204, 213, 222, 225, 238, 269-271, 283-286, 316-326, 329-339, 342-345, 357-361, 371, 380-395, 416-417, 420-431, 434-437, 440-443, 451-452, 455-462, 491-494, 497-500, 503-505, 512, 522-525, 528-531, 534-536, 543, 558, 561-563, 566-567, 570-572, 578, 595, 598-599, 602-605, 608, 614, 627, 630-635, 638-641, 644-646, 653
/home/local/MPIB-BERLIN/wentzel/VirEnv/lib/python2.7/site-packages/django/contrib/auth/management/__init__.py                                      74     33    55%   42, 53, 85-86, 96-109, 122-153
/home/local/MPIB-BERLIN/wentzel/VirEnv/lib/python2.7/site-packages/django/contrib/auth/middleware.py                                               55     30    45%   37, 62-96, 103-109, 116-123
/home/local/MPIB-BERLIN/wentzel/VirEnv/lib/python2.7/site-packages/django/contrib/auth/migrations/0001_initial.py                                   8      0   100%
/home/local/MPIB-BERLIN/wentzel/VirEnv/lib/python2.7/site-packages/django/contrib/auth/migrations/0002_alter_permission_name_max_length.py          5      0   100%
/home/local/MPIB-BERLIN/wentzel/VirEnv/lib/python2.7/site-packages/django/contrib/auth/migrations/0003_alter_user_email_max_length.py               5      0   100%
/home/local/MPIB-BERLIN/wentzel/VirEnv/lib/python2.7/site-packages/django/contrib/auth/migrations/0004_alter_user_username_opts.py                  7      0   100%
/home/local/MPIB-BERLIN/wentzel/VirEnv/lib/python2.7/site-packages/django/contrib/auth/migrations/0005_alter_user_last_login_null.py                5      0   100%
/home/local/MPIB-BERLIN/wentzel/VirEnv/lib/python2.7/site-packages/django/contrib/auth/migrations/0006_require_contenttypes_0002.py                 5      0   100%
/home/local/MPIB-BERLIN/wentzel/VirEnv/lib/python2.7/site-packages/django/contrib/auth/migrations/0007_alter_validators_add_error_messages.py       7      0   100%
/home/local/MPIB-BERLIN/wentzel/VirEnv/lib/python2.7/site-packages/django/contrib/auth/migrations/0008_alter_user_username_max_length.py            7      0   100%
/home/local/MPIB-BERLIN/wentzel/VirEnv/lib/python2.7/site-packages/django/contrib/auth/migrations/__init__.py                                       0      0   100%
/home/local/MPIB-BERLIN/wentzel/VirEnv/lib/python2.7/site-packages/django/contrib/auth/mixins.py                                                   55     29    47%   23-29, 35, 41, 44-46, 54-56, 71-80, 86-87, 90-92, 102, 110, 113-116
/home/local/MPIB-BERLIN/wentzel/VirEnv/lib/python2.7/site-packages/django/contrib/auth/models.py                                                  208     74    64%   35, 82, 88, 99, 134, 137, 148, 157-159, 166, 168, 175-179, 186-194, 201-209, 254-258, 261, 277, 285, 293-296, 348-349, 355-356, 360, 366, 392, 395, 398, 401, 404, 407, 410, 413, 416, 420, 424, 427, 430, 433, 436-439, 442, 446, 450, 453
/home/local/MPIB-BERLIN/wentzel/VirEnv/lib/python2.7/site-packages/django/contrib/auth/password_validation.py                                     107     61    43%   30-35, 47-56, 67-68, 75-80, 88-90, 101, 104-105, 116, 137-138, 141-155, 162, 178-185, 188-189, 195, 203-204, 210
/home/local/MPIB-BERLIN/wentzel/VirEnv/lib/python2.7/site-packages/django/contrib/auth/signals.py                                                   4      0   100%
/home/local/MPIB-BERLIN/wentzel/VirEnv/lib/python2.7/site-packages/django/contrib/auth/tokens.py                                                   37     23    38%   21, 27-48, 53-66, 70-71, 77, 81
/home/local/MPIB-BERLIN/wentzel/VirEnv/lib/python2.7/site-packages/django/contrib/auth/validators.py                                               15      0   100%
/home/local/MPIB-BERLIN/wentzel/VirEnv/lib/python2.7/site-packages/django/contrib/auth/views.py                                                   329    197    40%   43-54, 62-64, 82-90, 93-94, 98-107, 110, 113-115, 119-120, 123-132, 137-141, 155-160, 163-185, 188-197, 202-206, 217-226, 234-242, 265-296, 303-312, 329-366, 373-383, 397-401, 418, 421-432, 456-480, 483-489, 492-494, 497-501, 504-513, 521-523, 535-559, 567-576, 589, 592-594, 597-601, 610
/home/local/MPIB-BERLIN/wentzel/VirEnv/lib/python2.7/site-packages/django/contrib/contenttypes/__init__.py                                          1      0   100%
/home/local/MPIB-BERLIN/wentzel/VirEnv/lib/python2.7/site-packages/django/contrib/contenttypes/admin.py                                            55     32    42%   20, 26-74, 93-127
/home/local/MPIB-BERLIN/wentzel/VirEnv/lib/python2.7/site-packages/django/contrib/contenttypes/apps.py                                             13      0   100%
/home/local/MPIB-BERLIN/wentzel/VirEnv/lib/python2.7/site-packages/django/contrib/contenttypes/checks.py                                           14      1    93%   16
/home/local/MPIB-BERLIN/wentzel/VirEnv/lib/python2.7/site-packages/django/contrib/contenttypes/fields.py                                          344    252    27%   61, 68, 74-76, 87, 100-101, 118-119, 130, 144, 161-168, 171-207, 214, 217-247, 250-258, 267, 293-314, 317-319, 327, 334-351, 354-355, 370-387, 390-396, 399-401, 404-405, 408-422, 425, 428, 434, 438-443, 449, 471, 484-657
/home/local/MPIB-BERLIN/wentzel/VirEnv/lib/python2.7/site-packages/django/contrib/contenttypes/forms.py                                            38     28    26%   16-32, 40-41, 44-46, 63-83
/home/local/MPIB-BERLIN/wentzel/VirEnv/lib/python2.7/site-packages/django/contrib/contenttypes/management/__init__.py                              79     34    57%   9-12, 15-37, 40, 43, 52, 60-62, 70, 76, 80-83, 85, 90, 110, 134-135
/home/local/MPIB-BERLIN/wentzel/VirEnv/lib/python2.7/site-packages/django/contrib/contenttypes/migrations/0001_initial.py                           6      0   100%
/home/local/MPIB-BERLIN/wentzel/VirEnv/lib/python2.7/site-packages/django/contrib/contenttypes/migrations/0002_remove_content_type_name.py         13      7    46%   8-14
/home/local/MPIB-BERLIN/wentzel/VirEnv/lib/python2.7/site-packages/django/contrib/contenttypes/migrations/__init__.py                               0      0   100%
/home/local/MPIB-BERLIN/wentzel/VirEnv/lib/python2.7/site-packages/django/contrib/contenttypes/models.py                                          107     47    56%   21-26, 69-107, 114-121, 151, 157, 164-165, 174, 180, 183
/home/local/MPIB-BERLIN/wentzel/VirEnv/lib/python2.7/site-packages/django/contrib/contenttypes/views.py                                            55     47    15%   16-92
/home/local/MPIB-BERLIN/wentzel/VirEnv/lib/python2.7/site-packages/django/contrib/messages/__init__.py                                              3      0   100%
/home/local/MPIB-BERLIN/wentzel/VirEnv/lib/python2.7/site-packages/django/contrib/messages/api.py                                                  34     15    56%   22-29, 52-53, 64-67, 74, 82, 98, 106
/home/local/MPIB-BERLIN/wentzel/VirEnv/lib/python2.7/site-packages/django/contrib/messages/apps.py                                                  5      0   100%
/home/local/MPIB-BERLIN/wentzel/VirEnv/lib/python2.7/site-packages/django/contrib/messages/constants.py                                             7      0   100%
/home/local/MPIB-BERLIN/wentzel/VirEnv/lib/python2.7/site-packages/django/contrib/messages/context_processors.py                                    4      0   100%
/home/local/MPIB-BERLIN/wentzel/VirEnv/lib/python2.7/site-packages/django/contrib/messages/middleware.py                                           12      1    92%   26
/home/local/MPIB-BERLIN/wentzel/VirEnv/lib/python2.7/site-packages/django/contrib/messages/storage/__init__.py                                      4      0   100%
/home/local/MPIB-BERLIN/wentzel/VirEnv/lib/python2.7/site-packages/django/contrib/messages/storage/base.py                                         83     13    84%   45, 47, 50, 78-79, 83, 109, 120, 152, 156, 180-183
/home/local/MPIB-BERLIN/wentzel/VirEnv/lib/python2.7/site-packages/django/contrib/messages/storage/cookie.py                                       83     16    81%   23, 25, 38, 40, 43-46, 76, 114-118, 161-166
/home/local/MPIB-BERLIN/wentzel/VirEnv/lib/python2.7/site-packages/django/contrib/messages/storage/fallback.py                                     29      0   100%
/home/local/MPIB-BERLIN/wentzel/VirEnv/lib/python2.7/site-packages/django/contrib/messages/storage/session.py                                      24     10    58%   30, 36-40, 43-44, 47-49
/home/local/MPIB-BERLIN/wentzel/VirEnv/lib/python2.7/site-packages/django/contrib/messages/utils.py                                                 6      0   100%
/home/local/MPIB-BERLIN/wentzel/VirEnv/lib/python2.7/site-packages/django/contrib/postgres/__init__.py                                              1      0   100%
/home/local/MPIB-BERLIN/wentzel/VirEnv/lib/python2.7/site-packages/django/contrib/postgres/fields/__init__.py                                       5      4    20%   2-5
/home/local/MPIB-BERLIN/wentzel/VirEnv/lib/python2.7/site-packages/django/contrib/postgres/fields/array.py                                        188    185     2%   5-297
/home/local/MPIB-BERLIN/wentzel/VirEnv/lib/python2.7/site-packages/django/contrib/postgres/forms/__init__.py                                        4      0   100%
/home/local/MPIB-BERLIN/wentzel/VirEnv/lib/python2.7/site-packages/django/contrib/postgres/forms/array.py                                         138    108    22%   21-29, 32-34, 37-57, 60-73, 76-89, 96-98, 102, 105, 109, 116-118, 121-139, 143, 146-148, 152, 161-166, 169-201
/home/local/MPIB-BERLIN/wentzel/VirEnv/lib/python2.7/site-packages/django/contrib/postgres/forms/hstore.py                                         31     19    39%   22-24, 27-49, 58-59
/home/local/MPIB-BERLIN/wentzel/VirEnv/lib/python2.7/site-packages/django/contrib/postgres/forms/jsonb.py                                          37     22    41%   25-42, 45-50, 53-55
/home/local/MPIB-BERLIN/wentzel/VirEnv/lib/python2.7/site-packages/django/contrib/postgres/forms/ranges.py                                         58     57     2%   3-92
/home/local/MPIB-BERLIN/wentzel/VirEnv/lib/python2.7/site-packages/django/contrib/postgres/lookups.py                                              44      9    80%   9-12, 41, 59-62
/home/local/MPIB-BERLIN/wentzel/VirEnv/lib/python2.7/site-packages/django/contrib/postgres/search.py                                              157    100    36%   11-15, 18-21, 27, 33, 40-44, 54-62, 65-71, 74-86, 91-92, 100-109, 115, 118, 121, 124, 133-135, 138-144, 147-156, 159-161, 164-168, 173-174, 182-190, 193-204, 212-214
/home/local/MPIB-BERLIN/wentzel/VirEnv/lib/python2.7/site-packages/django/contrib/postgres/utils.py                                                 9      4    56%   13-29
/home/local/MPIB-BERLIN/wentzel/VirEnv/lib/python2.7/site-packages/django/contrib/postgres/validators.py                                           40     17    58%   37-41, 44-55, 62, 70, 75, 81
/home/local/MPIB-BERLIN/wentzel/VirEnv/lib/python2.7/site-packages/django/contrib/sessions/__init__.py                                              1      0   100%
/home/local/MPIB-BERLIN/wentzel/VirEnv/lib/python2.7/site-packages/django/contrib/sessions/apps.py                                                  5      0   100%
/home/local/MPIB-BERLIN/wentzel/VirEnv/lib/python2.7/site-packages/django/contrib/sessions/backends/__init__.py                                     0      0   100%
/home/local/MPIB-BERLIN/wentzel/VirEnv/lib/python2.7/site-packages/django/contrib/sessions/backends/base.py                                       196     70    64%   64-65, 71-73, 76-81, 84, 87, 90, 109, 112-118, 121-122, 125, 128, 131, 134, 137, 140, 143, 149-151, 157-158, 170, 218-235, 254, 274-283, 292-294, 301-303, 322, 330, 339, 346, 352, 363
/home/local/MPIB-BERLIN/wentzel/VirEnv/lib/python2.7/site-packages/django/contrib/sessions/backends/db.py                                          66     22    67%   38-43, 55-57, 88-95, 99-101, 104-105, 109
/home/local/MPIB-BERLIN/wentzel/VirEnv/lib/python2.7/site-packages/django/contrib/sessions/base_session.py                                         31     11    65%   17-18, 21-26, 43, 47, 50-51
/home/local/MPIB-BERLIN/wentzel/VirEnv/lib/python2.7/site-packages/django/contrib/sessions/exceptions.py                                            5      0   100%
/home/local/MPIB-BERLIN/wentzel/VirEnv/lib/python2.7/site-packages/django/contrib/sessions/management/__init__.py                                   0      0   100%
/home/local/MPIB-BERLIN/wentzel/VirEnv/lib/python2.7/site-packages/django/contrib/sessions/middleware.py                                           41     15    63%   32-33, 38, 47-65
/home/local/MPIB-BERLIN/wentzel/VirEnv/lib/python2.7/site-packages/django/contrib/sessions/migrations/0001_initial.py                               6      0   100%
/home/local/MPIB-BERLIN/wentzel/VirEnv/lib/python2.7/site-packages/django/contrib/sessions/migrations/__init__.py                                   0      0   100%
/home/local/MPIB-BERLIN/wentzel/VirEnv/lib/python2.7/site-packages/django/contrib/sessions/models.py                                               11      2    82%   33-34
/home/local/MPIB-BERLIN/wentzel/VirEnv/lib/python2.7/site-packages/django/contrib/sessions/serializers.py                                          11      4    64%   5-6, 15, 18
/home/local/MPIB-BERLIN/wentzel/VirEnv/lib/python2.7/site-packages/django/contrib/sites/__init__.py                                                 1      0   100%
/home/local/MPIB-BERLIN/wentzel/VirEnv/lib/python2.7/site-packages/django/contrib/sites/admin.py                                                    6      0   100%
/home/local/MPIB-BERLIN/wentzel/VirEnv/lib/python2.7/site-packages/django/contrib/sites/apps.py                                                     9      0   100%
/home/local/MPIB-BERLIN/wentzel/VirEnv/lib/python2.7/site-packages/django/contrib/sites/management.py                                              22      9    59%   14-15, 18, 27, 34-38
/home/local/MPIB-BERLIN/wentzel/VirEnv/lib/python2.7/site-packages/django/contrib/sites/migrations/0001_initial.py                                  7      0   100%
/home/local/MPIB-BERLIN/wentzel/VirEnv/lib/python2.7/site-packages/django/contrib/sites/migrations/0002_alter_domain_unique.py                      6      0   100%
/home/local/MPIB-BERLIN/wentzel/VirEnv/lib/python2.7/site-packages/django/contrib/sites/migrations/__init__.py                                      0      0   100%
/home/local/MPIB-BERLIN/wentzel/VirEnv/lib/python2.7/site-packages/django/contrib/sites/models.py                                                  72     40    44%   20-24, 34-37, 40-51, 60-67, 77, 80, 102, 105, 112-121
/home/local/MPIB-BERLIN/wentzel/VirEnv/lib/python2.7/site-packages/django/contrib/sites/requests.py                                                12      4    67%   16, 19, 22, 25
/home/local/MPIB-BERLIN/wentzel/VirEnv/lib/python2.7/site-packages/django/contrib/sites/shortcuts.py                                                8      5    38%   13-18
/home/local/MPIB-BERLIN/wentzel/VirEnv/lib/python2.7/site-packages/django/contrib/staticfiles/__init__.py                                           1      0   100%
/home/local/MPIB-BERLIN/wentzel/VirEnv/lib/python2.7/site-packages/django/contrib/staticfiles/apps.py                                               6      0   100%
/home/local/MPIB-BERLIN/wentzel/VirEnv/lib/python2.7/site-packages/django/contrib/staticfiles/finders.py                                          156    118    24%   34, 42, 52-74, 81-90, 97-104, 110-113, 126-140, 146-149, 155-165, 171-177, 188-197, 203-215, 221-222, 232-235, 247-259, 263-264, 273-277
/home/local/MPIB-BERLIN/wentzel/VirEnv/lib/python2.7/site-packages/django/contrib/staticfiles/management/__init__.py                                0      0   100%
/home/local/MPIB-BERLIN/wentzel/VirEnv/lib/python2.7/site-packages/django/contrib/staticfiles/storage.py                                          305    233    24%   45-46, 49-53, 67-77, 83-88, 93-125, 131-156, 162, 168-216, 233-264, 268-335, 338, 341, 347-353, 356-376, 385-386, 389-393, 396-407, 411-416, 419-423, 426-440, 448, 451, 454-457, 460, 463, 466-469, 474-479, 482-483
/home/local/MPIB-BERLIN/wentzel/VirEnv/lib/python2.7/site-packages/django/contrib/staticfiles/templatetags/__init__.py                              0      0   100%
/home/local/MPIB-BERLIN/wentzel/VirEnv/lib/python2.7/site-packages/django/contrib/staticfiles/templatetags/staticfiles.py                           7      1    86%   12
/home/local/MPIB-BERLIN/wentzel/VirEnv/lib/python2.7/site-packages/django/contrib/staticfiles/utils.py                                             37     26    30%   13-18, 26-41, 49, 51, 55, 59
/home/local/MPIB-BERLIN/wentzel/VirEnv/lib/python2.7/site-packages/django/core/__init__.py                                                          0      0   100%
/home/local/MPIB-BERLIN/wentzel/VirEnv/lib/python2.7/site-packages/django/core/cache/__init__.py                                                   62     17    73%   37-45, 52-53, 72-73, 76, 102, 105, 108, 111, 114
/home/local/MPIB-BERLIN/wentzel/VirEnv/lib/python2.7/site-packages/django/core/cache/backends/__init__.py                                           0      0   100%
/home/local/MPIB-BERLIN/wentzel/VirEnv/lib/python2.7/site-packages/django/core/cache/backends/base.py                                             117     57    51%   45-48, 58-59, 66-67, 72-73, 84-89, 113, 120, 127, 133, 143-148, 159-167, 173, 180-185, 192, 201, 212-213, 221-222, 226, 235, 241-245, 251-260, 266
/home/local/MPIB-BERLIN/wentzel/VirEnv/lib/python2.7/site-packages/django/core/cache/backends/db.py                                               139    117    16%   13-14, 23-32, 37-42, 54-82, 85-87, 90-92, 95-150, 153-161, 164-181, 184-198, 203-207
[...]
/home/local/MPIB-BERLIN/wentzel/VirEnv/lib/python2.7/site-packages/rest_framework/serializers.py                                                  617    463    25%   115, 151, 161, 164, 167, 170, 173-220, 223-247, 251-268, 272-275, 279-282, 323-343, 362-366, 370, 377, 389, 396-398, 401-409, 418-420, 428-440, 446-477, 483-503, 506, 509, 516-517, 520-527, 534-535, 539-545, 569-570, 573-575, 583-585, 593-605, 611-646, 654-656, 661, 664, 673, 682-707, 712-729, 732, 739-740, 744-752, 782-803, 865, 902-940, 943-957, 966-1031, 1042-1114, 1121, 1134-1151, 1157-1199, 1205-1217, 1223-1232, 1238-1241, 1247-1250, 1256, 1266-1282, 1291-1314, 1324-1388, 1397-1423, 1432-1437, 1446-1471, 1481-1512, 1523-1527, 1545, 1556-1565
/home/local/MPIB-BERLIN/wentzel/VirEnv/lib/python2.7/site-packages/rest_framework/settings.py                                                      59     13    78%   167, 180-182, 198, 228-232, 240-242
/home/local/MPIB-BERLIN/wentzel/VirEnv/lib/python2.7/site-packages/rest_framework/status.py                                                        62      5    92%   12, 16, 20, 24, 28
/home/local/MPIB-BERLIN/wentzel/VirEnv/lib/python2.7/site-packages/rest_framework/templatetags/__init__.py                                          0      0   100%
/home/local/MPIB-BERLIN/wentzel/VirEnv/lib/python2.7/site-packages/rest_framework/templatetags/rest_framework.py                                  190    144    24%   27-30, 37-38, 41-42, 47, 55-66, 71-73, 78, 83-85, 90-91, 99-107, 115-123, 131-148, 156-158, 163-165, 170, 191-202, 207-233, 244, 249-253, 271-274, 295-353, 362-364
/home/local/MPIB-BERLIN/wentzel/VirEnv/lib/python2.7/site-packages/rest_framework/urlpatterns.py                                                   31      2    94%   57, 62
/home/local/MPIB-BERLIN/wentzel/VirEnv/lib/python2.7/site-packages/rest_framework/urls.py                                                           6      0   100%
/home/local/MPIB-BERLIN/wentzel/VirEnv/lib/python2.7/site-packages/rest_framework/utils/__init__.py                                                 0      0   100%
/home/local/MPIB-BERLIN/wentzel/VirEnv/lib/python2.7/site-packages/rest_framework/utils/breadcrumbs.py                                             30     27    10%   11-56
/home/local/MPIB-BERLIN/wentzel/VirEnv/lib/python2.7/site-packages/rest_framework/utils/encoders.py                                                50     38    24%   27-70
/home/local/MPIB-BERLIN/wentzel/VirEnv/lib/python2.7/site-packages/rest_framework/utils/field_mapping.py                                          137    119    13%   30-40, 43, 51-52, 60, 70-230, 237-279, 283-286, 290
/home/local/MPIB-BERLIN/wentzel/VirEnv/lib/python2.7/site-packages/rest_framework/utils/formatting.py                                              33     23    30%   20-22, 34-47, 55-57, 64-69
/home/local/MPIB-BERLIN/wentzel/VirEnv/lib/python2.7/site-packages/rest_framework/utils/html.py                                                    30     25    17%   12, 48-62, 81-91
/home/local/MPIB-BERLIN/wentzel/VirEnv/lib/python2.7/site-packages/rest_framework/utils/humanize_datetime.py                                       15     10    33%   8-12, 16-17, 21-22, 28-47
/home/local/MPIB-BERLIN/wentzel/VirEnv/lib/python2.7/site-packages/rest_framework/utils/mediatypes.py                                              42     30    29%   27-29, 42-46, 52-54, 58-68, 75-81, 84-87
/home/local/MPIB-BERLIN/wentzel/VirEnv/lib/python2.7/site-packages/rest_framework/utils/model_meta.py                                              57     44    23%   37-46, 51-59, 63-67, 71, 78-103, 114-146, 150-155, 159, 169
/home/local/MPIB-BERLIN/wentzel/VirEnv/lib/python2.7/site-packages/rest_framework/utils/representation.py                                          61     50    18%   17-22, 26-45, 49-68, 72-95, 99-102
/home/local/MPIB-BERLIN/wentzel/VirEnv/lib/python2.7/site-packages/rest_framework/utils/serializer_helpers.py                                      87     51    41%   20-21, 24, 27, 32, 43-44, 47, 52, 63-67, 70, 74, 77, 82-83, 88-93, 104-106, 109-110, 113-118, 121-127, 140-141, 144-145, 148, 151, 154, 157, 160
/home/local/MPIB-BERLIN/wentzel/VirEnv/lib/python2.7/site-packages/rest_framework/utils/urls.py                                                    13     10    23%   9-13, 21-25
/home/local/MPIB-BERLIN/wentzel/VirEnv/lib/python2.7/site-packages/rest_framework/validators.py                                                   141     96    32%   24-27, 31-34, 46-49, 58-60, 66-67, 74-76, 79-83, 86, 102-105, 113, 120-129, 137-147, 154-156, 159-171, 174, 186-189, 198-201, 208-214, 217, 224-226, 229-235, 240, 252-260, 267-273, 280-286
/home/local/MPIB-BERLIN/wentzel/VirEnv/lib/python2.7/site-packages/rest_framework/views.py                                                        221    149    33%   33-40, 50-54, 67-96, 127, 147, 151-156, 163, 169-171, 177, 184-186, 195, 208, 220, 232-233, 240-241, 249-250, 256, 262, 268, 274, 280, 286-288, 294, 302-310, 320, 327-329, 338-340, 349-351, 358-361, 369-371, 383-396, 403-426, 433-452, 455-460, 470-492, 498-501
/home/local/MPIB-BERLIN/wentzel/VirEnv/lib/python2.7/site-packages/reversion/__init__.py                                                            2      0   100%
/home/local/MPIB-BERLIN/wentzel/VirEnv/lib/python2.7/site-packages/reversion/admin.py                                                             167    118    29%   15-16, 65, 68-69, 77-79, 83-86, 91-97, 100-102, 108-114, 118-146, 150-163, 167-175, 180-181, 184-185, 188-204, 213-218, 222-228, 232-237, 244-262, 269-285
/home/local/MPIB-BERLIN/wentzel/VirEnv/lib/python2.7/site-packages/reversion/errors.py                                                              3      0   100%
/home/local/MPIB-BERLIN/wentzel/VirEnv/lib/python2.7/site-packages/reversion/management/__init__.py                                                 1      0   100%
/home/local/MPIB-BERLIN/wentzel/VirEnv/lib/python2.7/site-packages/reversion/middleware.py                                                          4      0   100%
/home/local/MPIB-BERLIN/wentzel/VirEnv/lib/python2.7/site-packages/reversion/migrations/0001_initial.py                                             7      0   100%
/home/local/MPIB-BERLIN/wentzel/VirEnv/lib/python2.7/site-packages/reversion/migrations/0002_auto_20141216_1509.py                                  5      0   100%
/home/local/MPIB-BERLIN/wentzel/VirEnv/lib/python2.7/site-packages/reversion/migrations/__init__.py                                                 0      0   100%
/home/local/MPIB-BERLIN/wentzel/VirEnv/lib/python2.7/site-packages/reversion/models.py                                                             97     39    60%   8-9, 27-31, 72-92, 96, 122-126, 187-201, 207, 211
/home/local/MPIB-BERLIN/wentzel/VirEnv/lib/python2.7/site-packages/reversion/revisions.py                                                         331     93    72%   67-69, 76, 79, 106, 127, 130-133, 176, 185, 211, 215, 224-225, 234-235, 245, 249, 257, 261, 265, 300, 304-308, 312-316, 332, 337-338, 375, 394, 413, 419-428, 436, 440, 444, 460, 469-470, 478-487, 511, 540-541, 559-562, 566-574, 582-610, 623-628
/home/local/MPIB-BERLIN/wentzel/VirEnv/lib/python2.7/site-packages/reversion/signals.py                                                             3      0   100%
/home/local/MPIB-BERLIN/wentzel/VirEnv/lib/python2.7/site-packages/six.py                                                                         444    218    51%   41-47, 57, 66-68, 98-99, 108-110, 118-121, 131-133, 144-152, 160-161, 186, 190-193, 196-207, 216, 222-223, 304, 480, 488, 493-499, 503-509, 522-524, 530-532, 536-544, 547, 550, 553, 558, 574-590, 593, 596, 599, 602, 619-640, 643, 647, 652, 655, 667, 671, 675, 679-686, 697-698, 707, 713, 718, 723-775, 780-784, 791-797, 805-809, 814-825, 836-843, 852, 864-865
/home/local/MPIB-BERLIN/wentzel/VirEnv/lib/python2.7/site-packages/sqlparse/__init__.py                                                            25     11    56%   31, 41-43, 56-60, 70-71
/home/local/MPIB-BERLIN/wentzel/VirEnv/lib/python2.7/site-packages/sqlparse/cli.py                                                                 56     45    20%   35-136, 141-142, 146-179
/home/local/MPIB-BERLIN/wentzel/VirEnv/lib/python2.7/site-packages/sqlparse/compat.py                                                              24      7    71%   26-33
/home/local/MPIB-BERLIN/wentzel/VirEnv/lib/python2.7/site-packages/sqlparse/engine/__init__.py                                                      4      0   100%
/home/local/MPIB-BERLIN/wentzel/VirEnv/lib/python2.7/site-packages/sqlparse/engine/filter_stack.py                                                 25     17    32%   17-20, 23, 26-44
/home/local/MPIB-BERLIN/wentzel/VirEnv/lib/python2.7/site-packages/sqlparse/engine/grouping.py                                                    223    193    13%   19-49, 53, 57, 61, 65, 69, 73, 77-87, 91-112, 116-129, 133-146, 150-169, 175-180, 184-199, 204-219, 224-240, 246-254, 259-271, 276-284, 289-304, 309-315, 320-326, 330-358, 370-391
/home/local/MPIB-BERLIN/wentzel/VirEnv/lib/python2.7/site-packages/sqlparse/engine/statement_splitter.py                                           46     40    13%   15, 19-25, 33-75, 79-105
/home/local/MPIB-BERLIN/wentzel/VirEnv/lib/python2.7/site-packages/sqlparse/exceptions.py                                                           2      0   100%
/home/local/MPIB-BERLIN/wentzel/VirEnv/lib/python2.7/site-packages/sqlparse/filters/__init__.py                                                    13      0   100%
/home/local/MPIB-BERLIN/wentzel/VirEnv/lib/python2.7/site-packages/sqlparse/filters/aligned_indent.py                                              78     61    22%   25-29, 33-37, 41-45, 49-57, 61-64, 67-87, 90-97, 100-109, 112-120, 123-125, 128-129
/home/local/MPIB-BERLIN/wentzel/VirEnv/lib/python2.7/site-packages/sqlparse/filters/others.py                                                      71     55    23%   15-32, 35-37, 42-44, 48-54, 58-68, 71-75, 78-82, 89-102, 105-107, 116-117
/home/local/MPIB-BERLIN/wentzel/VirEnv/lib/python2.7/site-packages/sqlparse/filters/output.py                                                      74     62    16%   16-17, 20, 23-31, 37-75, 83-123
/home/local/MPIB-BERLIN/wentzel/VirEnv/lib/python2.7/site-packages/sqlparse/filters/reindent.py                                                   130    111    15%   16-24, 28-34, 38, 41-44, 47, 52-64, 67-80, 83-94, 97-99, 102-107, 110-117, 120-147, 150-166, 169-172, 175-183
/home/local/MPIB-BERLIN/wentzel/VirEnv/lib/python2.7/site-packages/sqlparse/filters/right_margin.py                                                28     20    29%   21-22, 25-44, 49
/home/local/MPIB-BERLIN/wentzel/VirEnv/lib/python2.7/site-packages/sqlparse/filters/tokens.py                                                      38     24    37%   16-17, 20-23, 34-37, 42-43, 46-60
/home/local/MPIB-BERLIN/wentzel/VirEnv/lib/python2.7/site-packages/sqlparse/formatter.py                                                          113    108     4%   16-115, 126-181
/home/local/MPIB-BERLIN/wentzel/VirEnv/lib/python2.7/site-packages/sqlparse/keywords.py                                                            11      2    82%   14-15
/home/local/MPIB-BERLIN/wentzel/VirEnv/lib/python2.7/site-packages/sqlparse/lexer.py                                                               35     26    26%   40-72, 81
/home/local/MPIB-BERLIN/wentzel/VirEnv/lib/python2.7/site-packages/sqlparse/sql.py                                                                316    225    29%   31-38, 41, 48-52, 56, 59-62, 66, 80-100, 108-113, 117, 121-126, 140-143, 146, 153, 156, 159, 163-173, 177-182, 189-194, 197-199, 203, 207-225, 237-239, 242-244, 247-249, 252, 261, 271-276, 280-281, 286-311, 315-318, 322-329, 333, 339-346, 355, 360-361, 368-370, 375-386, 402-424, 435-436, 440-442, 446-447, 452-455, 466-468, 478, 488, 512, 516, 523, 543-583, 591-597
/home/local/MPIB-BERLIN/wentzel/VirEnv/lib/python2.7/site-packages/sqlparse/tokens.py                                                              37      2    95%   19, 29
/home/local/MPIB-BERLIN/wentzel/VirEnv/lib/python2.7/site-packages/sqlparse/utils.py                                                               58     38    34%   42-52, 57-61, 72-75, 90-103, 108, 113-115, 120-122
/home/local/MPIB-BERLIN/wentzel/VirEnv/lib/python2.7/site-packages/urllib3/__init__.py                                                             38     12    68%   28-31, 66-72, 97
/home/local/MPIB-BERLIN/wentzel/VirEnv/lib/python2.7/site-packages/urllib3/_collections.py                                                        177    128    28%   5-11, 16-17, 44-48, 52-55, 58-70, 73-77, 80-81, 84, 87-94, 97-98, 136-144, 147-148, 151-152, 155, 158, 161-165, 169, 178, 182-183, 192-200, 203-206, 217-222, 229-248, 253-260, 271, 274-279, 282-284, 288-291, 295-297, 300, 308-319
/home/local/MPIB-BERLIN/wentzel/VirEnv/lib/python2.7/site-packages/urllib3/connection.py                                                          160    105    34%   16-20, 107-125, 132-152, 155-163, 166-167, 174-205, 217-226, 229-238, 268-280, 284-348, 355-365, 373
/home/local/MPIB-BERLIN/wentzel/VirEnv/lib/python2.7/site-packages/urllib3/connectionpool.py                                                      317    256    19%   68-73, 76, 80, 83-85, 91, 167-200, 206-213, 227-251, 267-281, 287, 291, 295-303, 308-320, 338-405, 408, 415-424, 431-445, 541-734, 767-781, 789-798, 806-816, 822-840, 846-853, 881-886, 903-905
/home/local/MPIB-BERLIN/wentzel/VirEnv/lib/python2.7/site-packages/urllib3/contrib/__init__.py                                                      0      0   100%
/home/local/MPIB-BERLIN/wentzel/VirEnv/lib/python2.7/site-packages/urllib3/contrib/pyopenssl.py                                                   230    228     1%   47-455
/home/local/MPIB-BERLIN/wentzel/VirEnv/lib/python2.7/site-packages/urllib3/contrib/socks.py                                                        71     62    13%   41-188
/home/local/MPIB-BERLIN/wentzel/VirEnv/lib/python2.7/site-packages/urllib3/exceptions.py                                                           96     21    78%   21-22, 26, 32-33, 37, 77-82, 89-91, 144-147, 216, 219, 233-234, 240-241
/home/local/MPIB-BERLIN/wentzel/VirEnv/lib/python2.7/site-packages/urllib3/fields.py                                                               69     56    19%   17-19, 35-47, 64-69, 89-103, 114, 127-136, 142-155, 171-178
/home/local/MPIB-BERLIN/wentzel/VirEnv/lib/python2.7/site-packages/urllib3/filepost.py                                                             39     27    31%   18, 29-38, 53-56, 70-94
/home/local/MPIB-BERLIN/wentzel/VirEnv/lib/python2.7/site-packages/urllib3/packages/__init__.py                                                     3      0   100%
/home/local/MPIB-BERLIN/wentzel/VirEnv/lib/python2.7/site-packages/urllib3/packages/ordered_dict.py                                               155    122    21%   7-8, 12-13, 34-42, 48-52, 58-61, 65-69, 73-77, 81-89, 96-112, 118, 122, 126, 130, 134-135, 139-140, 151-171, 182-188, 192-195, 199-208, 212-218, 222, 230-233, 240-242, 245, 251, 255, 259
/home/local/MPIB-BERLIN/wentzel/VirEnv/lib/python2.7/site-packages/urllib3/packages/six.py                                                        444    203    54%   41-47, 57, 66-68, 98-99, 108-110, 118-121, 131-133, 144-152, 192-193, 216, 222-223, 304, 480, 488, 493-499, 503-509, 522-524, 530-532, 536-544, 547, 550, 553, 558, 574-590, 593, 596, 599, 602, 619-640, 643, 647, 652, 655, 667, 671, 675, 679-686, 697-698, 707, 713, 718, 723-775, 780-784, 791-797, 805-809, 814-825, 836-843, 852, 864-865
/home/local/MPIB-BERLIN/wentzel/VirEnv/lib/python2.7/site-packages/urllib3/packages/ssl_match_hostname/__init__.py                                 11      1    91%   9
/home/local/MPIB-BERLIN/wentzel/VirEnv/lib/python2.7/site-packages/urllib3/packages/ssl_match_hostname/_implementation.py                          73     60    18%   31-76, 80-82, 92-93, 104-156
/home/local/MPIB-BERLIN/wentzel/VirEnv/lib/python2.7/site-packages/urllib3/poolmanager.py                                                         164    125    24%   78-103, 152-160, 163, 166-168, 180-195, 204, 217-227, 236-240, 250-264, 277-278, 289-299, 310-349, 382-399, 403-407, 415-423, 427-436, 440
/home/local/MPIB-BERLIN/wentzel/VirEnv/lib/python2.7/site-packages/urllib3/request.py                                                              38     27    29%   42, 47, 61-68, 78-87, 127-148
/home/local/MPIB-BERLIN/wentzel/VirEnv/lib/python2.7/site-packages/urllib3/response.py                                                            308    255    17%   25-27, 30, 33-52, 58, 61, 64-66, 70-73, 118-159, 169-172, 175-179, 184-188, 192, 200, 206-248, 256-258, 264-276, 283-287, 298-344, 367-413, 431-439, 450-468, 472, 475, 479, 483-487, 491-498, 501-506, 510-511, 515, 519-524, 533, 538-547, 550-569, 580-626
/home/local/MPIB-BERLIN/wentzel/VirEnv/lib/python2.7/site-packages/urllib3/util/__init__.py                                                        10      0   100%
/home/local/MPIB-BERLIN/wentzel/VirEnv/lib/python2.7/site-packages/urllib3/util/connection.py                                                      66     46    30%   17-29, 50-85, 89-93, 101-104, 122-123
/home/local/MPIB-BERLIN/wentzel/VirEnv/lib/python2.7/site-packages/urllib3/util/request.py                                                         45     36    20%   47-74, 82-92, 106-117
/home/local/MPIB-BERLIN/wentzel/VirEnv/lib/python2.7/site-packages/urllib3/util/response.py                                                        32     26    19%   15-35, 54-66, 78-81
/home/local/MPIB-BERLIN/wentzel/VirEnv/lib/python2.7/site-packages/urllib3/util/retry.py                                                          148    102    31%   163-164, 176-187, 192-201, 209-215, 219-231, 236-241, 244-249, 252-255, 266-271, 277, 283, 289-292, 301-307, 312-317, 331-392, 395
/home/local/MPIB-BERLIN/wentzel/VirEnv/lib/python2.7/site-packages/urllib3/util/selectors.py                                                      363    295    19%   31-32, 35, 38, 44-53, 59-69, 75-124, 134, 137, 140-144, 147, 167-170, 180-190, 194-204, 208-224, 229-243, 248, 253-254, 258-264, 268, 273-276, 279, 282, 290-292, 295-300, 303-306, 310, 314-333, 340-341, 344-351, 354-356, 361-370, 373-386, 393-394, 397, 400-407, 410-416, 419-449, 452-453, 457-536, 540, 548-559, 570-581
/home/local/MPIB-BERLIN/wentzel/VirEnv/lib/python2.7/site-packages/urllib3/util/ssl_.py                                                           126     98    22%   32-35, 46-47, 52-54, 92-150, 163-176, 191-200, 207-216, 254-279, 303-341
/home/local/MPIB-BERLIN/wentzel/VirEnv/lib/python2.7/site-packages/urllib3/util/timeout.py                                                         59     42    29%   94-97, 100, 114-138, 154, 168, 177-180, 190-193, 205-211, 230-242
/home/local/MPIB-BERLIN/wentzel/VirEnv/lib/python2.7/site-packages/urllib3/util/url.py                                                            103     87    16%   24-30, 36, 41-46, 51-53, 74-93, 96, 115-129, 154-222, 229-230
/home/local/MPIB-BERLIN/wentzel/VirEnv/lib/python2.7/site-packages/urllib3/util/wait.py                                                            16     12    25%   13-25, 33, 40
-----------------------------------------------------------------------------------------------------------------------------------------------------------------------------
TOTAL                                                                                                                                           86364  48404    44%
